{
  "0 debug pnpm:scope": {
    "selected": 1,
    "workspacePrefix": "C:\\dev\\src\\bickleywallace-site"
  },
  "1 error pnpm": {
    "errno": 1,
    "code": "ELIFECYCLE",
    "pkgid": "bickleywallace-site@0.0.0",
    "stage": "e2e",
    "script": "pnpm run -r e2e --filter @bickley-wallace/e2e",
    "pkgname": "bickleywallace-site",
    "err": {
      "name": "Error",
      "message": "bickleywallace-site@0.0.0 e2e: `pnpm run -r e2e --filter @bickley-wallace/e2e`\nExit status 1",
      "code": "ELIFECYCLE",
      "stack": "Error: bickleywallace-site@0.0.0 e2e: `pnpm run -r e2e --filter @bickley-wallace/e2e`\nExit status 1\n    at EventEmitter.<anonymous> (C:\\Users\\joshb\\AppData\\Roaming\\npm\\pnpm-global\\5\\node_modules\\.pnpm\\pnpm@6.4.0\\node_modules\\pnpm\\dist\\pnpm.cjs:103921:20)\n    at EventEmitter.emit (events.js:315:20)\n    at ChildProcess.<anonymous> (C:\\Users\\joshb\\AppData\\Roaming\\npm\\pnpm-global\\5\\node_modules\\.pnpm\\pnpm@6.4.0\\node_modules\\pnpm\\dist\\pnpm.cjs:92227:18)\n    at ChildProcess.emit (events.js:315:20)\n    at maybeClose (internal/child_process.js:1048:16)\n    at Process.ChildProcess._handle.onexit (internal/child_process.js:288:5)"
    }
  }
}